<?xml version="1.0" encoding="UTF-8"?>
<testng-results retried="1" ignored="0" total="6" passed="4" failed="1" skipped="0">
  <reporter-output>
  </reporter-output>
  <suite started-at="2023-04-18T07:47:06 IST" name="Suite" finished-at="2023-04-18T07:49:58 IST" duration-ms="171688">
    <groups>
      <group name="Purchase">
        <method signature="SubmitOrderTest.submitOrder(java.util.HashMap)[pri:0, instance:automationlearning.testcomponents.SubmitOrderTest@38b27cdc]" name="submitOrder" class="automationlearning.testcomponents.SubmitOrderTest"/>
      </group> <!-- Purchase -->
      <group name="ErrorValidation">
        <method signature="ErrorValidationTest.loginErrorValidation()[pri:0, instance:automationlearning.testcomponents.ErrorValidationTest@22f31dec]" name="loginErrorValidation" class="automationlearning.testcomponents.ErrorValidationTest"/>
        <method signature="ErrorValidationTest.productValidation()[pri:0, instance:automationlearning.testcomponents.ErrorValidationTest@22f31dec]" name="productValidation" class="automationlearning.testcomponents.ErrorValidationTest"/>
      </group> <!-- ErrorValidation -->
    </groups>
    <test started-at="2023-04-18T07:47:06 IST" name="Submit Orders Test" finished-at="2023-04-18T07:48:41 IST" duration-ms="95108">
      <class name="automationlearning.testcomponents.SubmitOrderTest">
        <test-method is-config="true" signature="launchApplication()[pri:0, instance:automationlearning.testcomponents.SubmitOrderTest@38b27cdc]" started-at="2023-04-18T07:47:07 IST" name="launchApplication" finished-at="2023-04-18T07:47:30 IST" duration-ms="23834" status="PASS">
          <reporter-output>
          </reporter-output>
        </test-method> <!-- launchApplication -->
        <test-method signature="submitOrder(java.util.HashMap)[pri:0, instance:automationlearning.testcomponents.SubmitOrderTest@38b27cdc]" started-at="2023-04-18T07:47:30 IST" name="submitOrder" data-provider="getData" finished-at="2023-04-18T07:47:41 IST" duration-ms="10218" status="PASS">
          <params>
            <param index="0">
              <value>
                <![CDATA[{password=Automation@123, email=automationlearning@gmail.com, productName=IPHONE 13 PRO}]]>
              </value>
            </param>
          </params>
          <reporter-output>
          </reporter-output>
        </test-method> <!-- submitOrder -->
        <test-method is-config="true" signature="closeBrowser()[pri:0, instance:automationlearning.testcomponents.SubmitOrderTest@38b27cdc]" started-at="2023-04-18T07:47:41 IST" name="closeBrowser" finished-at="2023-04-18T07:47:41 IST" duration-ms="107" status="PASS">
          <reporter-output>
          </reporter-output>
        </test-method> <!-- closeBrowser -->
        <test-method is-config="true" signature="launchApplication()[pri:0, instance:automationlearning.testcomponents.SubmitOrderTest@38b27cdc]" started-at="2023-04-18T07:47:41 IST" name="launchApplication" finished-at="2023-04-18T07:48:05 IST" duration-ms="24536" status="PASS">
          <reporter-output>
          </reporter-output>
        </test-method> <!-- launchApplication -->
        <test-method signature="submitOrder(java.util.HashMap)[pri:0, instance:automationlearning.testcomponents.SubmitOrderTest@38b27cdc]" started-at="2023-04-18T07:48:05 IST" name="submitOrder" data-provider="getData" finished-at="2023-04-18T07:48:15 IST" duration-ms="9954" status="PASS">
          <params>
            <param index="0">
              <value>
                <![CDATA[{password=123@gmail.coM, email=cba@gmail.com, productName=ADIDAS ORIGINAL}]]>
              </value>
            </param>
          </params>
          <reporter-output>
          </reporter-output>
        </test-method> <!-- submitOrder -->
        <test-method is-config="true" signature="closeBrowser()[pri:0, instance:automationlearning.testcomponents.SubmitOrderTest@38b27cdc]" started-at="2023-04-18T07:48:15 IST" name="closeBrowser" finished-at="2023-04-18T07:48:15 IST" duration-ms="140" status="PASS">
          <reporter-output>
          </reporter-output>
        </test-method> <!-- closeBrowser -->
        <test-method is-config="true" signature="launchApplication()[pri:0, instance:automationlearning.testcomponents.SubmitOrderTest@38b27cdc]" started-at="2023-04-18T07:48:15 IST" name="launchApplication" finished-at="2023-04-18T07:48:40 IST" duration-ms="24641" status="PASS">
          <reporter-output>
          </reporter-output>
        </test-method> <!-- launchApplication -->
        <test-method signature="validateOrderTest()[pri:0, instance:automationlearning.testcomponents.SubmitOrderTest@38b27cdc]" started-at="2023-04-18T07:48:40 IST" name="validateOrderTest" finished-at="2023-04-18T07:48:41 IST" duration-ms="1399" status="PASS">
          <reporter-output>
          </reporter-output>
        </test-method> <!-- validateOrderTest -->
        <test-method is-config="true" signature="closeBrowser()[pri:0, instance:automationlearning.testcomponents.SubmitOrderTest@38b27cdc]" started-at="2023-04-18T07:48:41 IST" name="closeBrowser" finished-at="2023-04-18T07:48:41 IST" duration-ms="115" status="PASS">
          <reporter-output>
          </reporter-output>
        </test-method> <!-- closeBrowser -->
      </class> <!-- automationlearning.testcomponents.SubmitOrderTest -->
    </test> <!-- Submit Orders Test -->
    <test started-at="2023-04-18T07:48:42 IST" name="Error Validation Test" finished-at="2023-04-18T07:49:58 IST" duration-ms="76330">
      <class name="automationlearning.testcomponents.ErrorValidationTest">
        <test-method is-config="true" signature="launchApplication()[pri:0, instance:automationlearning.testcomponents.ErrorValidationTest@22f31dec]" started-at="2023-04-18T07:48:42 IST" name="launchApplication" finished-at="2023-04-18T07:49:05 IST" duration-ms="22924" status="PASS">
          <reporter-output>
          </reporter-output>
        </test-method> <!-- launchApplication -->
        <test-method retried="true" signature="loginErrorValidation()[pri:0, instance:automationlearning.testcomponents.ErrorValidationTest@22f31dec]" started-at="2023-04-18T07:49:05 IST" name="loginErrorValidation" finished-at="2023-04-18T07:49:05 IST" duration-ms="240" status="SKIP">
          <exception class="java.lang.AssertionError">
            <message>
              <![CDATA[expected [true] but found [false]]]>
            </message>
            <full-stacktrace>
              <![CDATA[java.lang.AssertionError: expected [true] but found [false]
at org.testng.Assert.fail(Assert.java:99)
at org.testng.Assert.failNotEquals(Assert.java:1037)
at org.testng.Assert.assertTrue(Assert.java:45)
at org.testng.Assert.assertTrue(Assert.java:55)
at automationlearning.testcomponents.ErrorValidationTest.loginErrorValidation(ErrorValidationTest.java:21)
at java.base/jdk.internal.reflect.NativeMethodAccessorImpl.invoke0(Native Method)
at java.base/jdk.internal.reflect.NativeMethodAccessorImpl.invoke(NativeMethodAccessorImpl.java:77)
at java.base/jdk.internal.reflect.DelegatingMethodAccessorImpl.invoke(DelegatingMethodAccessorImpl.java:43)
at java.base/java.lang.reflect.Method.invoke(Method.java:568)
at org.testng.internal.MethodInvocationHelper.invokeMethod(MethodInvocationHelper.java:133)
at org.testng.internal.TestInvoker.invokeMethod(TestInvoker.java:598)
at org.testng.internal.TestInvoker.invokeTestMethod(TestInvoker.java:173)
at org.testng.internal.MethodRunner.runInSequence(MethodRunner.java:46)
at org.testng.internal.TestInvoker$MethodInvocationAgent.invoke(TestInvoker.java:824)
at org.testng.internal.TestInvoker.invokeTestMethods(TestInvoker.java:146)
at org.testng.internal.TestMethodWorker.invokeTestMethods(TestMethodWorker.java:146)
at org.testng.internal.TestMethodWorker.run(TestMethodWorker.java:128)
at java.base/java.util.ArrayList.forEach(ArrayList.java:1511)
at org.testng.TestRunner.privateRun(TestRunner.java:794)
at org.testng.TestRunner.run(TestRunner.java:596)
at org.testng.SuiteRunner.runTest(SuiteRunner.java:377)
at org.testng.SuiteRunner.runSequentially(SuiteRunner.java:371)
at org.testng.SuiteRunner.privateRun(SuiteRunner.java:332)
at org.testng.SuiteRunner.run(SuiteRunner.java:276)
at org.testng.SuiteRunnerWorker.runSuite(SuiteRunnerWorker.java:53)
at org.testng.SuiteRunnerWorker.run(SuiteRunnerWorker.java:96)
at org.testng.TestNG.runSuitesSequentially(TestNG.java:1212)
at org.testng.TestNG.runSuitesLocally(TestNG.java:1134)
at org.testng.TestNG.runSuites(TestNG.java:1063)
at org.testng.TestNG.run(TestNG.java:1031)
at org.testng.remote.AbstractRemoteTestNG.run(AbstractRemoteTestNG.java:115)
at org.testng.remote.RemoteTestNG.initAndRun(RemoteTestNG.java:251)
at org.testng.remote.RemoteTestNG.main(RemoteTestNG.java:77)
]]>
            </full-stacktrace>
          </exception> <!-- java.lang.AssertionError -->
          <reporter-output>
          </reporter-output>
        </test-method> <!-- loginErrorValidation -->
        <test-method is-config="true" signature="closeBrowser()[pri:0, instance:automationlearning.testcomponents.ErrorValidationTest@22f31dec]" started-at="2023-04-18T07:49:05 IST" name="closeBrowser" finished-at="2023-04-18T07:49:05 IST" duration-ms="143" status="PASS">
          <reporter-output>
          </reporter-output>
        </test-method> <!-- closeBrowser -->
        <test-method is-config="true" signature="launchApplication()[pri:0, instance:automationlearning.testcomponents.ErrorValidationTest@22f31dec]" started-at="2023-04-18T07:49:05 IST" name="launchApplication" finished-at="2023-04-18T07:49:30 IST" duration-ms="25182" status="PASS">
          <reporter-output>
          </reporter-output>
        </test-method> <!-- launchApplication -->
        <test-method signature="loginErrorValidation()[pri:0, instance:automationlearning.testcomponents.ErrorValidationTest@22f31dec]" started-at="2023-04-18T07:49:30 IST" name="loginErrorValidation" finished-at="2023-04-18T07:49:30 IST" duration-ms="177" status="FAIL">
          <exception class="java.lang.AssertionError">
            <message>
              <![CDATA[expected [true] but found [false]]]>
            </message>
            <full-stacktrace>
              <![CDATA[java.lang.AssertionError: expected [true] but found [false]
at org.testng.Assert.fail(Assert.java:99)
at org.testng.Assert.failNotEquals(Assert.java:1037)
at org.testng.Assert.assertTrue(Assert.java:45)
at org.testng.Assert.assertTrue(Assert.java:55)
at automationlearning.testcomponents.ErrorValidationTest.loginErrorValidation(ErrorValidationTest.java:21)
at java.base/jdk.internal.reflect.NativeMethodAccessorImpl.invoke0(Native Method)
at java.base/jdk.internal.reflect.NativeMethodAccessorImpl.invoke(NativeMethodAccessorImpl.java:77)
at java.base/jdk.internal.reflect.DelegatingMethodAccessorImpl.invoke(DelegatingMethodAccessorImpl.java:43)
at java.base/java.lang.reflect.Method.invoke(Method.java:568)
at org.testng.internal.MethodInvocationHelper.invokeMethod(MethodInvocationHelper.java:133)
at org.testng.internal.TestInvoker.invokeMethod(TestInvoker.java:598)
at org.testng.internal.TestInvoker.retryFailed(TestInvoker.java:213)
at org.testng.internal.MethodRunner.runInSequence(MethodRunner.java:58)
at org.testng.internal.TestInvoker$MethodInvocationAgent.invoke(TestInvoker.java:824)
at org.testng.internal.TestInvoker.invokeTestMethods(TestInvoker.java:146)
at org.testng.internal.TestMethodWorker.invokeTestMethods(TestMethodWorker.java:146)
at org.testng.internal.TestMethodWorker.run(TestMethodWorker.java:128)
at java.base/java.util.ArrayList.forEach(ArrayList.java:1511)
at org.testng.TestRunner.privateRun(TestRunner.java:794)
at org.testng.TestRunner.run(TestRunner.java:596)
at org.testng.SuiteRunner.runTest(SuiteRunner.java:377)
at org.testng.SuiteRunner.runSequentially(SuiteRunner.java:371)
at org.testng.SuiteRunner.privateRun(SuiteRunner.java:332)
at org.testng.SuiteRunner.run(SuiteRunner.java:276)
at org.testng.SuiteRunnerWorker.runSuite(SuiteRunnerWorker.java:53)
at org.testng.SuiteRunnerWorker.run(SuiteRunnerWorker.java:96)
at org.testng.TestNG.runSuitesSequentially(TestNG.java:1212)
at org.testng.TestNG.runSuitesLocally(TestNG.java:1134)
at org.testng.TestNG.runSuites(TestNG.java:1063)
at org.testng.TestNG.run(TestNG.java:1031)
at org.testng.remote.AbstractRemoteTestNG.run(AbstractRemoteTestNG.java:115)
at org.testng.remote.RemoteTestNG.initAndRun(RemoteTestNG.java:251)
at org.testng.remote.RemoteTestNG.main(RemoteTestNG.java:77)
]]>
            </full-stacktrace>
          </exception> <!-- java.lang.AssertionError -->
          <reporter-output>
          </reporter-output>
        </test-method> <!-- loginErrorValidation -->
        <test-method is-config="true" signature="closeBrowser()[pri:0, instance:automationlearning.testcomponents.ErrorValidationTest@22f31dec]" started-at="2023-04-18T07:49:31 IST" name="closeBrowser" finished-at="2023-04-18T07:49:31 IST" duration-ms="106" status="PASS">
          <reporter-output>
          </reporter-output>
        </test-method> <!-- closeBrowser -->
        <test-method is-config="true" signature="launchApplication()[pri:0, instance:automationlearning.testcomponents.ErrorValidationTest@22f31dec]" started-at="2023-04-18T07:49:31 IST" name="launchApplication" finished-at="2023-04-18T07:49:55 IST" duration-ms="24589" status="PASS">
          <reporter-output>
          </reporter-output>
        </test-method> <!-- launchApplication -->
        <test-method signature="productValidation()[pri:0, instance:automationlearning.testcomponents.ErrorValidationTest@22f31dec]" started-at="2023-04-18T07:49:55 IST" name="productValidation" finished-at="2023-04-18T07:49:58 IST" duration-ms="2475" status="PASS">
          <reporter-output>
          </reporter-output>
        </test-method> <!-- productValidation -->
        <test-method is-config="true" signature="closeBrowser()[pri:0, instance:automationlearning.testcomponents.ErrorValidationTest@22f31dec]" started-at="2023-04-18T07:49:58 IST" name="closeBrowser" finished-at="2023-04-18T07:49:58 IST" duration-ms="100" status="PASS">
          <reporter-output>
          </reporter-output>
        </test-method> <!-- closeBrowser -->
      </class> <!-- automationlearning.testcomponents.ErrorValidationTest -->
    </test> <!-- Error Validation Test -->
  </suite> <!-- Suite -->
</testng-results>
